[27-Nov-2024 14:53:35 UTC] PHP Warning:  Undefined variable $url_meta in /var/www/html/wp-content/plugins/mv-testimonials/views/mv-testimonials_widget.php on line 66
[27-Nov-2024 14:53:35 UTC] PHP Warning:  Undefined variable $url_meta in /var/www/html/wp-content/plugins/mv-testimonials/views/mv-testimonials_widget.php on line 66
[27-Nov-2024 14:59:29 UTC] PHP Warning:  Undefined variable $url_meta in /var/www/html/wp-content/plugins/mv-testimonials/views/mv-testimonials_widget.php on line 66
[27-Nov-2024 14:59:41 UTC] PHP Warning:  Undefined variable $url_meta in /var/www/html/wp-content/plugins/mv-testimonials/views/mv-testimonials_widget.php on line 66
[27-Nov-2024 14:59:54 UTC] PHP Warning:  Undefined variable $url_meta in /var/www/html/wp-content/plugins/mv-testimonials/views/mv-testimonials_widget.php on line 66
[27-Nov-2024 15:00:09 UTC] PHP Warning:  Undefined variable $url_meta in /var/www/html/wp-content/plugins/mv-testimonials/views/mv-testimonials_widget.php on line 66
[27-Nov-2024 15:00:09 UTC] PHP Warning:  Undefined variable $url_meta in /var/www/html/wp-content/plugins/mv-testimonials/views/mv-testimonials_widget.php on line 66
[27-Nov-2024 15:00:09 UTC] PHP Warning:  Undefined variable $url_meta in /var/www/html/wp-content/plugins/mv-testimonials/views/mv-testimonials_widget.php on line 66
[27-Nov-2024 15:01:38 UTC] PHP Warning:  require(/var/www/html/wp-content/themes/furni/inc/wc-customizer.php): Failed to open stream: No such file or directory in /var/www/html/wp-content/themes/furni/functions.php on line 4
[27-Nov-2024 15:01:38 UTC] PHP Fatal error:  Uncaught Error: Failed opening required '/var/www/html/wp-content/themes/furni/inc/wc-customizer.php' (include_path='.:/usr/local/lib/php') in /var/www/html/wp-content/themes/furni/functions.php:4
Stack trace:
#0 /var/www/html/wp-settings.php(672): include()
#1 /var/www/html/wp-config.php(137): require_once('/var/www/html/w...')
#2 /var/www/html/wp-load.php(50): require_once('/var/www/html/w...')
#3 /var/www/html/wp-admin/admin.php(34): require_once('/var/www/html/w...')
#4 /var/www/html/wp-admin/customize.php(13): require_once('/var/www/html/w...')
#5 {main}
  thrown in /var/www/html/wp-content/themes/furni/functions.php on line 4
[27-Nov-2024 15:01:38 UTC] PHP Notice:  Function _load_textdomain_just_in_time was called <strong>incorrectly</strong>. Translation loading for the <code>furni</code> domain was triggered too early. This is usually an indicator for some code in the plugin or theme running too early. Translations should be loaded at the <code>init</code> action or later. Please see <a href="https://developer.wordpress.org/advanced-administration/debug/debug-wordpress/">Debugging in WordPress</a> for more information. (This message was added in version 6.7.0.) in /var/www/html/wp-includes/functions.php on line 6114
[27-Nov-2024 15:01:38 UTC] PHP Warning:  Trying to access array offset on value of type bool in /var/www/html/wp-includes/class-wp-recovery-mode-email-service.php on line 367
[27-Nov-2024 15:01:38 UTC] PHP Warning:  Trying to access array offset on value of type bool in /var/www/html/wp-includes/class-wp-recovery-mode-email-service.php on line 368
[27-Nov-2024 15:01:38 UTC] PHP Warning:  require(/var/www/html/wp-content/themes/furni/inc/wc-customizer.php): Failed to open stream: No such file or directory in /var/www/html/wp-content/themes/furni/functions.php on line 4
[27-Nov-2024 15:01:38 UTC] PHP Fatal error:  Uncaught Error: Failed opening required '/var/www/html/wp-content/themes/furni/inc/wc-customizer.php' (include_path='.:/usr/local/lib/php') in /var/www/html/wp-content/themes/furni/functions.php:4
Stack trace:
#0 /var/www/html/wp-settings.php(672): include()
#1 /var/www/html/wp-config.php(137): require_once('/var/www/html/w...')
#2 /var/www/html/wp-load.php(50): require_once('/var/www/html/w...')
#3 /var/www/html/wp-blog-header.php(13): require_once('/var/www/html/w...')
#4 /var/www/html/index.php(17): require('/var/www/html/w...')
#5 {main}
  thrown in /var/www/html/wp-content/themes/furni/functions.php on line 4
[27-Nov-2024 15:01:43 UTC] PHP Warning:  require(/var/www/html/wp-content/themes/furni/inc/wc-customizer.php): Failed to open stream: No such file or directory in /var/www/html/wp-content/themes/furni/functions.php on line 4
[27-Nov-2024 15:01:43 UTC] PHP Fatal error:  Uncaught Error: Failed opening required '/var/www/html/wp-content/themes/furni/inc/wc-customizer.php' (include_path='.:/usr/local/lib/php') in /var/www/html/wp-content/themes/furni/functions.php:4
Stack trace:
#0 /var/www/html/wp-settings.php(672): include()
#1 /var/www/html/wp-config.php(137): require_once('/var/www/html/w...')
#2 /var/www/html/wp-load.php(50): require_once('/var/www/html/w...')
#3 /var/www/html/wp-blog-header.php(13): require_once('/var/www/html/w...')
#4 /var/www/html/index.php(17): require('/var/www/html/w...')
#5 {main}
  thrown in /var/www/html/wp-content/themes/furni/functions.php on line 4
[27-Nov-2024 15:01:43 UTC] PHP Warning:  require(/var/www/html/wp-content/themes/furni/inc/wc-customizer.php): Failed to open stream: No such file or directory in /var/www/html/wp-content/themes/furni/functions.php on line 4
[27-Nov-2024 15:01:43 UTC] PHP Fatal error:  Uncaught Error: Failed opening required '/var/www/html/wp-content/themes/furni/inc/wc-customizer.php' (include_path='.:/usr/local/lib/php') in /var/www/html/wp-content/themes/furni/functions.php:4
Stack trace:
#0 /var/www/html/wp-settings.php(672): include()
#1 /var/www/html/wp-config.php(137): require_once('/var/www/html/w...')
#2 /var/www/html/wp-load.php(50): require_once('/var/www/html/w...')
#3 /var/www/html/wp-blog-header.php(13): require_once('/var/www/html/w...')
#4 /var/www/html/index.php(17): require('/var/www/html/w...')
#5 {main}
  thrown in /var/www/html/wp-content/themes/furni/functions.php on line 4
[27-Nov-2024 15:10:22 UTC] PHP Warning:  Undefined variable $url_meta in /var/www/html/wp-content/plugins/mv-testimonials/views/mv-testimonials_widget.php on line 66
[27-Nov-2024 15:12:10 UTC] PHP Warning:  Undefined variable $url_meta in /var/www/html/wp-content/plugins/mv-testimonials/views/mv-testimonials_widget.php on line 66
[27-Nov-2024 15:12:11 UTC] PHP Warning:  Undefined variable $url_meta in /var/www/html/wp-content/plugins/mv-testimonials/views/mv-testimonials_widget.php on line 66
[27-Nov-2024 15:12:11 UTC] PHP Warning:  Undefined variable $url_meta in /var/www/html/wp-content/plugins/mv-testimonials/views/mv-testimonials_widget.php on line 66
[27-Nov-2024 15:12:32 UTC] PHP Warning:  Undefined variable $url_meta in /var/www/html/wp-content/plugins/mv-testimonials/views/mv-testimonials_widget.php on line 66
[27-Nov-2024 15:14:39 UTC] PHP Warning:  Undefined variable $url_meta in /var/www/html/wp-content/plugins/mv-testimonials/views/mv-testimonials_widget.php on line 66
[27-Nov-2024 15:14:40 UTC] PHP Warning:  Undefined variable $url_meta in /var/www/html/wp-content/plugins/mv-testimonials/views/mv-testimonials_widget.php on line 66
[27-Nov-2024 15:14:41 UTC] PHP Warning:  Undefined variable $url_meta in /var/www/html/wp-content/plugins/mv-testimonials/views/mv-testimonials_widget.php on line 66
[27-Nov-2024 15:22:14 UTC] PHP Warning:  Undefined variable $url_meta in /var/www/html/wp-content/plugins/mv-testimonials/views/mv-testimonials_widget.php on line 66
[27-Nov-2024 15:22:16 UTC] PHP Warning:  Undefined variable $url_meta in /var/www/html/wp-content/plugins/mv-testimonials/views/mv-testimonials_widget.php on line 66
[27-Nov-2024 15:22:17 UTC] PHP Deprecated:  Function get_the_author was called with an argument that is <strong>deprecated</strong> since version 2.1.0 with no alternative available. in /var/www/html/wp-includes/functions.php on line 6114
[27-Nov-2024 15:22:20 UTC] PHP Warning:  Undefined variable $url_meta in /var/www/html/wp-content/plugins/mv-testimonials/views/mv-testimonials_widget.php on line 66
[27-Nov-2024 15:22:34 UTC] PHP Warning:  Undefined variable $url_meta in /var/www/html/wp-content/plugins/mv-testimonials/views/mv-testimonials_widget.php on line 66
[27-Nov-2024 15:22:37 UTC] PHP Warning:  Undefined variable $url_meta in /var/www/html/wp-content/plugins/mv-testimonials/views/mv-testimonials_widget.php on line 66
[27-Nov-2024 15:25:54 UTC] PHP Warning:  Undefined variable $url_meta in /var/www/html/wp-content/plugins/mv-testimonials/views/mv-testimonials_widget.php on line 66
[27-Nov-2024 15:25:56 UTC] PHP Warning:  Undefined variable $url_meta in /var/www/html/wp-content/plugins/mv-testimonials/views/mv-testimonials_widget.php on line 66
[27-Nov-2024 15:28:12 UTC] PHP Warning:  Undefined variable $url_meta in /var/www/html/wp-content/plugins/mv-testimonials/views/mv-testimonials_widget.php on line 66
[27-Nov-2024 15:28:17 UTC] PHP Warning:  Undefined variable $url_meta in /var/www/html/wp-content/plugins/mv-testimonials/views/mv-testimonials_widget.php on line 66
[27-Nov-2024 15:28:17 UTC] PHP Warning:  Undefined variable $url_meta in /var/www/html/wp-content/plugins/mv-testimonials/views/mv-testimonials_widget.php on line 66
[27-Nov-2024 15:28:19 UTC] PHP Deprecated:  Function get_the_author was called with an argument that is <strong>deprecated</strong> since version 2.1.0 with no alternative available. in /var/www/html/wp-includes/functions.php on line 6114
[27-Nov-2024 15:29:19 UTC] PHP Warning:  Undefined variable $the_title in /var/www/html/wp-content/themes/furni/parts/content-hero.php on line 37
[27-Nov-2024 15:29:19 UTC] PHP Fatal error:  Uncaught Error: Value of type null is not callable in /var/www/html/wp-content/themes/furni/parts/content-hero.php:37
Stack trace:
#0 /var/www/html/wp-includes/template.php(812): require()
#1 /var/www/html/wp-includes/template.php(745): load_template('/var/www/html/w...', false, Array)
#2 /var/www/html/wp-includes/general-template.php(206): locate_template(Array, true, false, Array)
#3 /var/www/html/wp-content/themes/furni/header.php(24): get_template_part('parts/content', 'hero')
#4 /var/www/html/wp-includes/template.php(810): require_once('/var/www/html/w...')
#5 /var/www/html/wp-includes/template.php(745): load_template('/var/www/html/w...', true, Array)
#6 /var/www/html/wp-includes/general-template.php(48): locate_template(Array, true, true, Array)
#7 /var/www/html/wp-content/themes/furni/woocommerce/archive-product.php(15): get_header('shop')
#8 /var/www/html/wp-includes/template-loader.php(106): include('/var/www/html/w...')
#9 /var/www/html/wp-blog-header.php(19): require_once('/var/www/html/w...')
#10 /var/www/html/index.php(17): require('/var/www/html/w...')
#11 {main}
  thrown in /var/www/html/wp-content/themes/furni/parts/content-hero.php on line 37
[27-Nov-2024 15:29:37 UTC] PHP Warning:  Undefined variable $the_title in /var/www/html/wp-content/themes/furni/parts/content-hero.php on line 37
[27-Nov-2024 15:29:37 UTC] PHP Fatal error:  Uncaught Error: Value of type null is not callable in /var/www/html/wp-content/themes/furni/parts/content-hero.php:37
Stack trace:
#0 /var/www/html/wp-includes/template.php(812): require()
#1 /var/www/html/wp-includes/template.php(745): load_template('/var/www/html/w...', false, Array)
#2 /var/www/html/wp-includes/general-template.php(206): locate_template(Array, true, false, Array)
#3 /var/www/html/wp-content/themes/furni/header.php(24): get_template_part('parts/content', 'hero')
#4 /var/www/html/wp-includes/template.php(810): require_once('/var/www/html/w...')
#5 /var/www/html/wp-includes/template.php(745): load_template('/var/www/html/w...', true, Array)
#6 /var/www/html/wp-includes/general-template.php(48): locate_template(Array, true, true, Array)
#7 /var/www/html/wp-content/themes/furni/woocommerce/archive-product.php(15): get_header('shop')
#8 /var/www/html/wp-includes/template-loader.php(106): include('/var/www/html/w...')
#9 /var/www/html/wp-blog-header.php(19): require_once('/var/www/html/w...')
#10 /var/www/html/index.php(17): require('/var/www/html/w...')
#11 {main}
  thrown in /var/www/html/wp-content/themes/furni/parts/content-hero.php on line 37
[27-Nov-2024 15:30:07 UTC] PHP Warning:  Undefined variable $url_meta in /var/www/html/wp-content/plugins/mv-testimonials/views/mv-testimonials_widget.php on line 66
[27-Nov-2024 15:30:12 UTC] PHP Warning:  Undefined variable $url_meta in /var/www/html/wp-content/plugins/mv-testimonials/views/mv-testimonials_widget.php on line 66
[27-Nov-2024 15:30:12 UTC] PHP Warning:  Undefined variable $url_meta in /var/www/html/wp-content/plugins/mv-testimonials/views/mv-testimonials_widget.php on line 66
[27-Nov-2024 15:30:45 UTC] PHP Warning:  Undefined variable $url_meta in /var/www/html/wp-content/plugins/mv-testimonials/views/mv-testimonials_widget.php on line 66
[27-Nov-2024 15:30:52 UTC] PHP Warning:  Undefined variable $url_meta in /var/www/html/wp-content/plugins/mv-testimonials/views/mv-testimonials_widget.php on line 66
[27-Nov-2024 15:30:55 UTC] PHP Deprecated:  Function get_the_author was called with an argument that is <strong>deprecated</strong> since version 2.1.0 with no alternative available. in /var/www/html/wp-includes/functions.php on line 6114
[27-Nov-2024 15:30:57 UTC] PHP Warning:  Undefined variable $url_meta in /var/www/html/wp-content/plugins/mv-testimonials/views/mv-testimonials_widget.php on line 66
[27-Nov-2024 15:30:58 UTC] PHP Warning:  Undefined variable $url_meta in /var/www/html/wp-content/plugins/mv-testimonials/views/mv-testimonials_widget.php on line 66
[27-Nov-2024 15:31:14 UTC] PHP Warning:  Undefined variable $the_title in /var/www/html/wp-content/themes/furni/parts/content-hero.php on line 20
[27-Nov-2024 15:31:14 UTC] PHP Fatal error:  Uncaught Error: Value of type null is not callable in /var/www/html/wp-content/themes/furni/parts/content-hero.php:20
Stack trace:
#0 /var/www/html/wp-includes/template.php(812): require()
#1 /var/www/html/wp-includes/template.php(745): load_template('/var/www/html/w...', false, Array)
#2 /var/www/html/wp-includes/general-template.php(206): locate_template(Array, true, false, Array)
#3 /var/www/html/wp-content/themes/furni/header.php(24): get_template_part('parts/content', 'hero')
#4 /var/www/html/wp-includes/template.php(810): require_once('/var/www/html/w...')
#5 /var/www/html/wp-includes/template.php(745): load_template('/var/www/html/w...', true, Array)
#6 /var/www/html/wp-includes/general-template.php(48): locate_template(Array, true, true, Array)
#7 /var/www/html/wp-content/themes/furni/page-home.php(7): get_header()
#8 /var/www/html/wp-includes/template-loader.php(106): include('/var/www/html/w...')
#9 /var/www/html/wp-blog-header.php(19): require_once('/var/www/html/w...')
#10 /var/www/html/index.php(17): require('/var/www/html/w...')
#11 {main}
  thrown in /var/www/html/wp-content/themes/furni/parts/content-hero.php on line 20
[27-Nov-2024 15:31:24 UTC] PHP Warning:  Undefined variable $the_title in /var/www/html/wp-content/themes/furni/parts/content-hero.php on line 20
[27-Nov-2024 15:31:24 UTC] PHP Fatal error:  Uncaught Error: Value of type null is not callable in /var/www/html/wp-content/themes/furni/parts/content-hero.php:20
Stack trace:
#0 /var/www/html/wp-includes/template.php(812): require()
#1 /var/www/html/wp-includes/template.php(745): load_template('/var/www/html/w...', false, Array)
#2 /var/www/html/wp-includes/general-template.php(206): locate_template(Array, true, false, Array)
#3 /var/www/html/wp-content/themes/furni/header.php(24): get_template_part('parts/content', 'hero')
#4 /var/www/html/wp-includes/template.php(810): require_once('/var/www/html/w...')
#5 /var/www/html/wp-includes/template.php(745): load_template('/var/www/html/w...', true, Array)
#6 /var/www/html/wp-includes/general-template.php(48): locate_template(Array, true, true, Array)
#7 /var/www/html/wp-content/themes/furni/page-home.php(7): get_header()
#8 /var/www/html/wp-includes/template-loader.php(106): include('/var/www/html/w...')
#9 /var/www/html/wp-blog-header.php(19): require_once('/var/www/html/w...')
#10 /var/www/html/index.php(17): require('/var/www/html/w...')
#11 {main}
  thrown in /var/www/html/wp-content/themes/furni/parts/content-hero.php on line 20
[27-Nov-2024 15:31:25 UTC] PHP Warning:  Undefined variable $the_title in /var/www/html/wp-content/themes/furni/parts/content-hero.php on line 20
[27-Nov-2024 15:31:25 UTC] PHP Fatal error:  Uncaught Error: Value of type null is not callable in /var/www/html/wp-content/themes/furni/parts/content-hero.php:20
Stack trace:
#0 /var/www/html/wp-includes/template.php(812): require()
#1 /var/www/html/wp-includes/template.php(745): load_template('/var/www/html/w...', false, Array)
#2 /var/www/html/wp-includes/general-template.php(206): locate_template(Array, true, false, Array)
#3 /var/www/html/wp-content/themes/furni/header.php(24): get_template_part('parts/content', 'hero')
#4 /var/www/html/wp-includes/template.php(810): require_once('/var/www/html/w...')
#5 /var/www/html/wp-includes/template.php(745): load_template('/var/www/html/w...', true, Array)
#6 /var/www/html/wp-includes/general-template.php(48): locate_template(Array, true, true, Array)
#7 /var/www/html/wp-content/themes/furni/woocommerce/archive-product.php(15): get_header('shop')
#8 /var/www/html/wp-includes/template-loader.php(106): include('/var/www/html/w...')
#9 /var/www/html/wp-blog-header.php(19): require_once('/var/www/html/w...')
#10 /var/www/html/index.php(17): require('/var/www/html/w...')
#11 {main}
  thrown in /var/www/html/wp-content/themes/furni/parts/content-hero.php on line 20
[27-Nov-2024 15:31:26 UTC] PHP Warning:  Undefined variable $the_title in /var/www/html/wp-content/themes/furni/parts/content-hero.php on line 20
[27-Nov-2024 15:31:26 UTC] PHP Fatal error:  Uncaught Error: Value of type null is not callable in /var/www/html/wp-content/themes/furni/parts/content-hero.php:20
Stack trace:
#0 /var/www/html/wp-includes/template.php(812): require()
#1 /var/www/html/wp-includes/template.php(745): load_template('/var/www/html/w...', false, Array)
#2 /var/www/html/wp-includes/general-template.php(206): locate_template(Array, true, false, Array)
#3 /var/www/html/wp-content/themes/furni/header.php(24): get_template_part('parts/content', 'hero')
#4 /var/www/html/wp-includes/template.php(810): require_once('/var/www/html/w...')
#5 /var/www/html/wp-includes/template.php(745): load_template('/var/www/html/w...', true, Array)
#6 /var/www/html/wp-includes/general-template.php(48): locate_template(Array, true, true, Array)
#7 /var/www/html/wp-content/themes/furni/page-home.php(7): get_header()
#8 /var/www/html/wp-includes/template-loader.php(106): include('/var/www/html/w...')
#9 /var/www/html/wp-blog-header.php(19): require_once('/var/www/html/w...')
#10 /var/www/html/index.php(17): require('/var/www/html/w...')
#11 {main}
  thrown in /var/www/html/wp-content/themes/furni/parts/content-hero.php on line 20
[27-Nov-2024 15:31:33 UTC] PHP Warning:  Undefined variable $the_title in /var/www/html/wp-content/themes/furni/parts/content-hero.php on line 20
[27-Nov-2024 15:31:33 UTC] PHP Fatal error:  Uncaught Error: Value of type null is not callable in /var/www/html/wp-content/themes/furni/parts/content-hero.php:20
Stack trace:
#0 /var/www/html/wp-includes/template.php(812): require()
#1 /var/www/html/wp-includes/template.php(745): load_template('/var/www/html/w...', false, Array)
#2 /var/www/html/wp-includes/general-template.php(206): locate_template(Array, true, false, Array)
#3 /var/www/html/wp-content/themes/furni/header.php(24): get_template_part('parts/content', 'hero')
#4 /var/www/html/wp-includes/template.php(810): require_once('/var/www/html/w...')
#5 /var/www/html/wp-includes/template.php(745): load_template('/var/www/html/w...', true, Array)
#6 /var/www/html/wp-includes/general-template.php(48): locate_template(Array, true, true, Array)
#7 /var/www/html/wp-content/themes/furni/page-home.php(7): get_header()
#8 /var/www/html/wp-includes/template-loader.php(106): include('/var/www/html/w...')
#9 /var/www/html/wp-blog-header.php(19): require_once('/var/www/html/w...')
#10 /var/www/html/index.php(17): require('/var/www/html/w...')
#11 {main}
  thrown in /var/www/html/wp-content/themes/furni/parts/content-hero.php on line 20
[27-Nov-2024 15:32:52 UTC] PHP Warning:  Undefined variable $the_title in /var/www/html/wp-content/themes/furni/parts/content-hero.php on line 20
[27-Nov-2024 15:32:52 UTC] PHP Fatal error:  Uncaught Error: Value of type null is not callable in /var/www/html/wp-content/themes/furni/parts/content-hero.php:20
Stack trace:
#0 /var/www/html/wp-includes/template.php(812): require()
#1 /var/www/html/wp-includes/template.php(745): load_template('/var/www/html/w...', false, Array)
#2 /var/www/html/wp-includes/general-template.php(206): locate_template(Array, true, false, Array)
#3 /var/www/html/wp-content/themes/furni/header.php(24): get_template_part('parts/content', 'hero')
#4 /var/www/html/wp-includes/template.php(810): require_once('/var/www/html/w...')
#5 /var/www/html/wp-includes/template.php(745): load_template('/var/www/html/w...', true, Array)
#6 /var/www/html/wp-includes/general-template.php(48): locate_template(Array, true, true, Array)
#7 /var/www/html/wp-content/themes/furni/page-home.php(7): get_header()
#8 /var/www/html/wp-includes/template-loader.php(106): include('/var/www/html/w...')
#9 /var/www/html/wp-blog-header.php(19): require_once('/var/www/html/w...')
#10 /var/www/html/index.php(17): require('/var/www/html/w...')
#11 {main}
  thrown in /var/www/html/wp-content/themes/furni/parts/content-hero.php on line 20
[27-Nov-2024 15:32:53 UTC] PHP Warning:  Undefined variable $the_title in /var/www/html/wp-content/themes/furni/parts/content-hero.php on line 20
[27-Nov-2024 15:32:53 UTC] PHP Fatal error:  Uncaught Error: Value of type null is not callable in /var/www/html/wp-content/themes/furni/parts/content-hero.php:20
Stack trace:
#0 /var/www/html/wp-includes/template.php(812): require()
#1 /var/www/html/wp-includes/template.php(745): load_template('/var/www/html/w...', false, Array)
#2 /var/www/html/wp-includes/general-template.php(206): locate_template(Array, true, false, Array)
#3 /var/www/html/wp-content/themes/furni/header.php(24): get_template_part('parts/content', 'hero')
#4 /var/www/html/wp-includes/template.php(810): require_once('/var/www/html/w...')
#5 /var/www/html/wp-includes/template.php(745): load_template('/var/www/html/w...', true, Array)
#6 /var/www/html/wp-includes/general-template.php(48): locate_template(Array, true, true, Array)
#7 /var/www/html/wp-content/themes/furni/woocommerce/archive-product.php(15): get_header('shop')
#8 /var/www/html/wp-includes/template-loader.php(106): include('/var/www/html/w...')
#9 /var/www/html/wp-blog-header.php(19): require_once('/var/www/html/w...')
#10 /var/www/html/index.php(17): require('/var/www/html/w...')
#11 {main}
  thrown in /var/www/html/wp-content/themes/furni/parts/content-hero.php on line 20
[27-Nov-2024 15:35:44 UTC] PHP Warning:  Undefined variable $url_meta in /var/www/html/wp-content/plugins/mv-testimonials/views/mv-testimonials_widget.php on line 66
[27-Nov-2024 15:36:08 UTC] PHP Warning:  Undefined variable $url_meta in /var/www/html/wp-content/plugins/mv-testimonials/views/mv-testimonials_widget.php on line 66
[27-Nov-2024 15:36:09 UTC] PHP Warning:  Undefined variable $url_meta in /var/www/html/wp-content/plugins/mv-testimonials/views/mv-testimonials_widget.php on line 66
[27-Nov-2024 15:36:10 UTC] PHP Warning:  Undefined variable $url_meta in /var/www/html/wp-content/plugins/mv-testimonials/views/mv-testimonials_widget.php on line 66
[27-Nov-2024 15:36:13 UTC] PHP Warning:  Undefined variable $url_meta in /var/www/html/wp-content/plugins/mv-testimonials/views/mv-testimonials_widget.php on line 66
[27-Nov-2024 15:36:14 UTC] PHP Deprecated:  Function get_the_author was called with an argument that is <strong>deprecated</strong> since version 2.1.0 with no alternative available. in /var/www/html/wp-includes/functions.php on line 6114
[27-Nov-2024 15:36:16 UTC] PHP Warning:  Undefined variable $url_meta in /var/www/html/wp-content/plugins/mv-testimonials/views/mv-testimonials_widget.php on line 66
[27-Nov-2024 15:36:30 UTC] PHP Warning:  Undefined variable $url_meta in /var/www/html/wp-content/plugins/mv-testimonials/views/mv-testimonials_widget.php on line 66
[27-Nov-2024 15:36:31 UTC] PHP Warning:  Undefined variable $url_meta in /var/www/html/wp-content/plugins/mv-testimonials/views/mv-testimonials_widget.php on line 66
[27-Nov-2024 15:36:31 UTC] PHP Warning:  Undefined variable $url_meta in /var/www/html/wp-content/plugins/mv-testimonials/views/mv-testimonials_widget.php on line 66
[27-Nov-2024 15:37:18 UTC] PHP Warning:  Undefined variable $url_meta in /var/www/html/wp-content/plugins/mv-testimonials/views/mv-testimonials_widget.php on line 66
[27-Nov-2024 15:37:32 UTC] PHP Warning:  Undefined variable $url_meta in /var/www/html/wp-content/plugins/mv-testimonials/views/mv-testimonials_widget.php on line 66
[27-Nov-2024 15:37:33 UTC] PHP Deprecated:  Function get_the_author was called with an argument that is <strong>deprecated</strong> since version 2.1.0 with no alternative available. in /var/www/html/wp-includes/functions.php on line 6114
[27-Nov-2024 15:39:47 UTC] PHP Warning:  Undefined variable $url_meta in /var/www/html/wp-content/plugins/mv-testimonials/views/mv-testimonials_widget.php on line 66
[27-Nov-2024 15:39:48 UTC] PHP Warning:  Undefined variable $url_meta in /var/www/html/wp-content/plugins/mv-testimonials/views/mv-testimonials_widget.php on line 66
[27-Nov-2024 15:39:49 UTC] PHP Deprecated:  Function get_the_author was called with an argument that is <strong>deprecated</strong> since version 2.1.0 with no alternative available. in /var/www/html/wp-includes/functions.php on line 6114
[27-Nov-2024 15:43:53 UTC] PHP Warning:  Undefined variable $url_meta in /var/www/html/wp-content/plugins/mv-testimonials/views/mv-testimonials_widget.php on line 66
[27-Nov-2024 15:45:15 UTC] PHP Warning:  Undefined variable $url_meta in /var/www/html/wp-content/plugins/mv-testimonials/views/mv-testimonials_widget.php on line 66
[27-Nov-2024 15:45:17 UTC] PHP Warning:  Undefined variable $url_meta in /var/www/html/wp-content/plugins/mv-testimonials/views/mv-testimonials_widget.php on line 66
[27-Nov-2024 15:45:20 UTC] PHP Deprecated:  Function get_the_author was called with an argument that is <strong>deprecated</strong> since version 2.1.0 with no alternative available. in /var/www/html/wp-includes/functions.php on line 6114
[27-Nov-2024 15:45:23 UTC] PHP Deprecated:  Function get_the_author was called with an argument that is <strong>deprecated</strong> since version 2.1.0 with no alternative available. in /var/www/html/wp-includes/functions.php on line 6114
[27-Nov-2024 15:45:34 UTC] PHP Deprecated:  Function get_the_author was called with an argument that is <strong>deprecated</strong> since version 2.1.0 with no alternative available. in /var/www/html/wp-includes/functions.php on line 6114
[27-Nov-2024 15:45:35 UTC] PHP Deprecated:  Function get_the_author was called with an argument that is <strong>deprecated</strong> since version 2.1.0 with no alternative available. in /var/www/html/wp-includes/functions.php on line 6114
[27-Nov-2024 15:45:45 UTC] PHP Deprecated:  Function get_the_author was called with an argument that is <strong>deprecated</strong> since version 2.1.0 with no alternative available. in /var/www/html/wp-includes/functions.php on line 6114
[27-Nov-2024 15:45:46 UTC] PHP Deprecated:  Function get_the_author was called with an argument that is <strong>deprecated</strong> since version 2.1.0 with no alternative available. in /var/www/html/wp-includes/functions.php on line 6114
[27-Nov-2024 15:45:47 UTC] PHP Deprecated:  Function get_the_author was called with an argument that is <strong>deprecated</strong> since version 2.1.0 with no alternative available. in /var/www/html/wp-includes/functions.php on line 6114
[27-Nov-2024 15:45:47 UTC] PHP Deprecated:  Function get_the_author was called with an argument that is <strong>deprecated</strong> since version 2.1.0 with no alternative available. in /var/www/html/wp-includes/functions.php on line 6114
[27-Nov-2024 15:45:48 UTC] PHP Deprecated:  Function get_the_author was called with an argument that is <strong>deprecated</strong> since version 2.1.0 with no alternative available. in /var/www/html/wp-includes/functions.php on line 6114
[27-Nov-2024 15:45:50 UTC] PHP Deprecated:  Function get_the_author was called with an argument that is <strong>deprecated</strong> since version 2.1.0 with no alternative available. in /var/www/html/wp-includes/functions.php on line 6114
[27-Nov-2024 15:45:51 UTC] PHP Deprecated:  Function get_the_author was called with an argument that is <strong>deprecated</strong> since version 2.1.0 with no alternative available. in /var/www/html/wp-includes/functions.php on line 6114
[27-Nov-2024 15:46:20 UTC] PHP Deprecated:  Function get_the_author was called with an argument that is <strong>deprecated</strong> since version 2.1.0 with no alternative available. in /var/www/html/wp-includes/functions.php on line 6114
[27-Nov-2024 15:46:26 UTC] PHP Deprecated:  Function get_the_author was called with an argument that is <strong>deprecated</strong> since version 2.1.0 with no alternative available. in /var/www/html/wp-includes/functions.php on line 6114
[27-Nov-2024 15:46:27 UTC] PHP Deprecated:  Function get_the_author was called with an argument that is <strong>deprecated</strong> since version 2.1.0 with no alternative available. in /var/www/html/wp-includes/functions.php on line 6114
[27-Nov-2024 15:46:29 UTC] PHP Warning:  Undefined variable $url_meta in /var/www/html/wp-content/plugins/mv-testimonials/views/mv-testimonials_widget.php on line 66
[27-Nov-2024 15:46:32 UTC] PHP Warning:  Undefined variable $url_meta in /var/www/html/wp-content/plugins/mv-testimonials/views/mv-testimonials_widget.php on line 66
[27-Nov-2024 15:54:24 UTC] PHP Warning:  Undefined variable $url_meta in /var/www/html/wp-content/plugins/mv-testimonials/views/mv-testimonials_widget.php on line 66
[27-Nov-2024 15:54:43 UTC] PHP Warning:  Undefined variable $url_meta in /var/www/html/wp-content/plugins/mv-testimonials/views/mv-testimonials_widget.php on line 66
[27-Nov-2024 15:54:44 UTC] PHP Warning:  Undefined variable $url_meta in /var/www/html/wp-content/plugins/mv-testimonials/views/mv-testimonials_widget.php on line 66
[27-Nov-2024 15:54:44 UTC] PHP Warning:  Undefined variable $url_meta in /var/www/html/wp-content/plugins/mv-testimonials/views/mv-testimonials_widget.php on line 66
[27-Nov-2024 15:54:47 UTC] PHP Warning:  Undefined variable $url_meta in /var/www/html/wp-content/plugins/mv-testimonials/views/mv-testimonials_widget.php on line 66
[27-Nov-2024 15:54:47 UTC] PHP Warning:  Undefined variable $url_meta in /var/www/html/wp-content/plugins/mv-testimonials/views/mv-testimonials_widget.php on line 66
[27-Nov-2024 15:58:10 UTC] PHP Warning:  Undefined variable $url_meta in /var/www/html/wp-content/plugins/mv-testimonials/views/mv-testimonials_widget.php on line 66
[27-Nov-2024 15:58:14 UTC] PHP Warning:  Undefined variable $url_meta in /var/www/html/wp-content/plugins/mv-testimonials/views/mv-testimonials_widget.php on line 66
[27-Nov-2024 15:58:32 UTC] PHP Warning:  Undefined variable $url_meta in /var/www/html/wp-content/plugins/mv-testimonials/views/mv-testimonials_widget.php on line 66
[27-Nov-2024 15:58:37 UTC] PHP Warning:  Undefined variable $url_meta in /var/www/html/wp-content/plugins/mv-testimonials/views/mv-testimonials_widget.php on line 66
[27-Nov-2024 15:58:39 UTC] PHP Warning:  Undefined variable $url_meta in /var/www/html/wp-content/plugins/mv-testimonials/views/mv-testimonials_widget.php on line 66
[27-Nov-2024 15:59:16 UTC] PHP Warning:  Undefined variable $url_meta in /var/www/html/wp-content/plugins/mv-testimonials/views/mv-testimonials_widget.php on line 66
[27-Nov-2024 15:59:18 UTC] PHP Warning:  Undefined variable $url_meta in /var/www/html/wp-content/plugins/mv-testimonials/views/mv-testimonials_widget.php on line 66
[27-Nov-2024 15:59:32 UTC] PHP Warning:  Undefined variable $url_meta in /var/www/html/wp-content/plugins/mv-testimonials/views/mv-testimonials_widget.php on line 66
[27-Nov-2024 15:59:38 UTC] PHP Warning:  Undefined variable $url_meta in /var/www/html/wp-content/plugins/mv-testimonials/views/mv-testimonials_widget.php on line 66
[27-Nov-2024 15:59:50 UTC] PHP Warning:  Undefined variable $url_meta in /var/www/html/wp-content/plugins/mv-testimonials/views/mv-testimonials_widget.php on line 66
[27-Nov-2024 15:59:52 UTC] PHP Warning:  Undefined variable $url_meta in /var/www/html/wp-content/plugins/mv-testimonials/views/mv-testimonials_widget.php on line 66
[27-Nov-2024 15:59:53 UTC] PHP Deprecated:  Function get_the_author was called with an argument that is <strong>deprecated</strong> since version 2.1.0 with no alternative available. in /var/www/html/wp-includes/functions.php on line 6114
[27-Nov-2024 16:00:34 UTC] PHP Deprecated:  Function get_the_author was called with an argument that is <strong>deprecated</strong> since version 2.1.0 with no alternative available. in /var/www/html/wp-includes/functions.php on line 6114
